
  You can now view your Streamlit app in your browser.

  Local URL: http://localhost:8505
  Network URL: http://10.0.0.199:8505
  External URL: http://177.223.37.109:8505

C:\Users\aaadr\AppData\Local\Programs\Python\Python39\lib\site-packages\openpyxl\styles\stylesheet.py:237: UserWarning: Workbook contains no default style, apply openpyxl's default
  warn("Workbook contains no default style, apply openpyxl's default")
C:\Users\aaadr\AppData\Local\Programs\Python\Python39\lib\site-packages\openpyxl\styles\stylesheet.py:237: UserWarning: Workbook contains no default style, apply openpyxl's default
  warn("Workbook contains no default style, apply openpyxl's default")
C:\Users\aaadr\AppData\Local\Programs\Python\Python39\lib\site-packages\openpyxl\styles\stylesheet.py:237: UserWarning: Workbook contains no default style, apply openpyxl's default
  warn("Workbook contains no default style, apply openpyxl's default")
Nenhum registro LMC fornecido para auditoria.
Nenhum registro de aferińŃo fornecido para auditoria.
C:\Users\aaadr\AppData\Local\Programs\Python\Python39\lib\site-packages\openpyxl\styles\stylesheet.py:237: UserWarning: Workbook contains no default style, apply openpyxl's default
  warn("Workbook contains no default style, apply openpyxl's default")
C:\Users\aaadr\AppData\Local\Programs\Python\Python39\lib\site-packages\openpyxl\styles\stylesheet.py:237: UserWarning: Workbook contains no default style, apply openpyxl's default
  warn("Workbook contains no default style, apply openpyxl's default")
Nenhum registro LMC fornecido para auditoria.
Nenhum registro de aferińŃo fornecido para auditoria.
C:\Users\aaadr\AppData\Local\Programs\Python\Python39\lib\site-packages\openpyxl\styles\stylesheet.py:237: UserWarning: Workbook contains no default style, apply openpyxl's default
  warn("Workbook contains no default style, apply openpyxl's default")
C:\Users\aaadr\AppData\Local\Programs\Python\Python39\lib\site-packages\openpyxl\styles\stylesheet.py:237: UserWarning: Workbook contains no default style, apply openpyxl's default
  warn("Workbook contains no default style, apply openpyxl's default")
Nenhum registro LMC fornecido para auditoria.
Nenhum registro de aferińŃo fornecido para auditoria.
C:\Users\aaadr\AppData\Local\Programs\Python\Python39\lib\site-packages\openpyxl\styles\stylesheet.py:237: UserWarning: Workbook contains no default style, apply openpyxl's default
  warn("Workbook contains no default style, apply openpyxl's default")
C:\Users\aaadr\AppData\Local\Programs\Python\Python39\lib\site-packages\openpyxl\styles\stylesheet.py:237: UserWarning: Workbook contains no default style, apply openpyxl's default
  warn("Workbook contains no default style, apply openpyxl's default")
Nenhum registro LMC fornecido para auditoria.
Nenhum registro de aferińŃo fornecido para auditoria.
C:\Users\aaadr\AppData\Local\Programs\Python\Python39\lib\site-packages\openpyxl\styles\stylesheet.py:237: UserWarning: Workbook contains no default style, apply openpyxl's default
  warn("Workbook contains no default style, apply openpyxl's default")
Nenhum registro de caixa fornecido para auditoria.
Nenhum registro de aferińŃo fornecido para auditoria.
C:\Users\aaadr\AppData\Local\Programs\Python\Python39\lib\site-packages\openpyxl\styles\stylesheet.py:237: UserWarning: Workbook contains no default style, apply openpyxl's default
  warn("Workbook contains no default style, apply openpyxl's default")
C:\Users\aaadr\AppData\Local\Programs\Python\Python39\lib\site-packages\openpyxl\styles\stylesheet.py:237: UserWarning: Workbook contains no default style, apply openpyxl's default
  warn("Workbook contains no default style, apply openpyxl's default")
Nenhum registro de caixa fornecido para auditoria.
Nenhum registro de aferińŃo fornecido para auditoria.
2026-04-17 23:47:51.465 Please replace `use_container_width` with `width`.

`use_container_width` will be removed after 2025-12-31.

For `use_container_width=True`, use `width='stretch'`. For `use_container_width=False`, use `width='content'`.
2026-04-17 23:47:51.473 Please replace `use_container_width` with `width`.

`use_container_width` will be removed after 2025-12-31.

For `use_container_width=True`, use `width='stretch'`. For `use_container_width=False`, use `width='content'`.
